# cmd: /home/daffa/miniforge3/envs/flowp/bin/python infer_kitchen.py --checkpoint /home/daffa/Documents/skpsi/FlowPolicy/FlowPolicy/data/outputs/random_search/cfg_01_seed42/checkpoints/latest.ckpt --episodes 50 --device cuda:0 --output-subdir inference_ep50
[LowdimEncoder] state_dim=70 out_channel=64 hidden_dims=(256, 256)
----------------------------------
Class name: FlowPolicyLowdim
  Number of parameters: 69.1310M
   _dummy_variable: 0.0000M (0.00%)
   obs_encoder: 0.1014M (0.15%)
   model: 69.0295M (99.85%)
   mask_generator: 0.0000M (0.00%)
----------------------------------
Checkpoint : /home/daffa/Documents/skpsi/FlowPolicy/FlowPolicy/data/outputs/random_search/cfg_01_seed42/checkpoints/latest.ckpt
Output     : /home/daffa/Documents/skpsi/FlowPolicy/FlowPolicy/data/outputs/random_search/cfg_01_seed42/inference_ep50
Episodes   : 50
Device     : cuda:0
Menjalankan rollout...
Eval FrankaKitchen-v1 [kitchen_complete]:   0%|          | 0/50 [00:00<?, ?it/s]Eval FrankaKitchen-v1 [kitchen_complete]:   4%|▍         | 2/50 [00:05<02:08,  2.68s/it]Eval FrankaKitchen-v1 [kitchen_complete]:  10%|█         | 5/50 [00:13<01:56,  2.59s/it]Eval FrankaKitchen-v1 [kitchen_complete]:  16%|█▌        | 8/50 [00:20<01:45,  2.52s/it]Eval FrankaKitchen-v1 [kitchen_complete]:  22%|██▏       | 11/50 [00:27<01:37,  2.49s/it]Eval FrankaKitchen-v1 [kitchen_complete]:  28%|██▊       | 14/50 [00:35<01:29,  2.47s/it]Eval FrankaKitchen-v1 [kitchen_complete]:  34%|███▍      | 17/50 [00:42<01:21,  2.48s/it]Eval FrankaKitchen-v1 [kitchen_complete]:  40%|████      | 20/50 [00:49<01:14,  2.48s/it]Eval FrankaKitchen-v1 [kitchen_complete]:  46%|████▌     | 23/50 [00:57<01:07,  2.49s/it]Eval FrankaKitchen-v1 [kitchen_complete]:  52%|█████▏    | 26/50 [01:04<00:59,  2.48s/it]Eval FrankaKitchen-v1 [kitchen_complete]:  58%|█████▊    | 29/50 [01:12<00:52,  2.48s/it]Eval FrankaKitchen-v1 [kitchen_complete]:  64%|██████▍   | 32/50 [01:19<00:44,  2.46s/it]Eval FrankaKitchen-v1 [kitchen_complete]:  70%|███████   | 35/50 [01:26<00:36,  2.46s/it]Eval FrankaKitchen-v1 [kitchen_complete]:  76%|███████▌  | 38/50 [01:34<00:29,  2.45s/it]Eval FrankaKitchen-v1 [kitchen_complete]:  82%|████████▏ | 41/50 [01:41<00:22,  2.45s/it]Eval FrankaKitchen-v1 [kitchen_complete]:  88%|████████▊ | 44/50 [01:49<00:14,  2.46s/it]Eval FrankaKitchen-v1 [kitchen_complete]:  94%|█████████▍| 47/50 [01:56<00:07,  2.48s/it]Eval FrankaKitchen-v1 [kitchen_complete]: 100%|██████████| 50/50 [02:04<00:00,  2.52s/it]                                                                                         [KitchenRunner] goal keys order: ['microwave', 'kettle', 'light switch', 'slide cabinet']
[KitchenRunner] saved video: /home/daffa/Documents/skpsi/FlowPolicy/FlowPolicy/data/outputs/random_search/cfg_01_seed42/inference_ep50/videos/episode_000.mp4
[KitchenRunner] saved video: /home/daffa/Documents/skpsi/FlowPolicy/FlowPolicy/data/outputs/random_search/cfg_01_seed42/inference_ep50/videos/episode_001.mp4
[KitchenRunner] saved video: /home/daffa/Documents/skpsi/FlowPolicy/FlowPolicy/data/outputs/random_search/cfg_01_seed42/inference_ep50/videos/episode_002.mp4
[KitchenRunner] saved video: /home/daffa/Documents/skpsi/FlowPolicy/FlowPolicy/data/outputs/random_search/cfg_01_seed42/inference_ep50/videos/episode_003.mp4
[KitchenRunner] saved video: /home/daffa/Documents/skpsi/FlowPolicy/FlowPolicy/data/outputs/random_search/cfg_01_seed42/inference_ep50/videos/episode_004.mp4
[KitchenRunner] saved video: /home/daffa/Documents/skpsi/FlowPolicy/FlowPolicy/data/outputs/random_search/cfg_01_seed42/inference_ep50/videos/episode_005.mp4
[KitchenRunner] saved video: /home/daffa/Documents/skpsi/FlowPolicy/FlowPolicy/data/outputs/random_search/cfg_01_seed42/inference_ep50/videos/episode_006.mp4
[KitchenRunner] saved video: /home/daffa/Documents/skpsi/FlowPolicy/FlowPolicy/data/outputs/random_search/cfg_01_seed42/inference_ep50/videos/episode_007.mp4
[KitchenRunner] saved video: /home/daffa/Documents/skpsi/FlowPolicy/FlowPolicy/data/outputs/random_search/cfg_01_seed42/inference_ep50/videos/episode_008.mp4
[KitchenRunner] saved video: /home/daffa/Documents/skpsi/FlowPolicy/FlowPolicy/data/outputs/random_search/cfg_01_seed42/inference_ep50/videos/episode_009.mp4
[KitchenRunner] saved video: /home/daffa/Documents/skpsi/FlowPolicy/FlowPolicy/data/outputs/random_search/cfg_01_seed42/inference_ep50/videos/episode_010.mp4
[KitchenRunner] saved video: /home/daffa/Documents/skpsi/FlowPolicy/FlowPolicy/data/outputs/random_search/cfg_01_seed42/inference_ep50/videos/episode_011.mp4
[KitchenRunner] saved video: /home/daffa/Documents/skpsi/FlowPolicy/FlowPolicy/data/outputs/random_search/cfg_01_seed42/inference_ep50/videos/episode_012.mp4
[KitchenRunner] saved video: /home/daffa/Documents/skpsi/FlowPolicy/FlowPolicy/data/outputs/random_search/cfg_01_seed42/inference_ep50/videos/episode_013.mp4
[KitchenRunner] saved video: /home/daffa/Documents/skpsi/FlowPolicy/FlowPolicy/data/outputs/random_search/cfg_01_seed42/inference_ep50/videos/episode_014.mp4
[KitchenRunner] saved video: /home/daffa/Documents/skpsi/FlowPolicy/FlowPolicy/data/outputs/random_search/cfg_01_seed42/inference_ep50/videos/episode_015.mp4
[KitchenRunner] saved video: /home/daffa/Documents/skpsi/FlowPolicy/FlowPolicy/data/outputs/random_search/cfg_01_seed42/inference_ep50/videos/episode_016.mp4
[KitchenRunner] saved video: /home/daffa/Documents/skpsi/FlowPolicy/FlowPolicy/data/outputs/random_search/cfg_01_seed42/inference_ep50/videos/episode_017.mp4
[KitchenRunner] saved video: /home/daffa/Documents/skpsi/FlowPolicy/FlowPolicy/data/outputs/random_search/cfg_01_seed42/inference_ep50/videos/episode_018.mp4
[KitchenRunner] saved video: /home/daffa/Documents/skpsi/FlowPolicy/FlowPolicy/data/outputs/random_search/cfg_01_seed42/inference_ep50/videos/episode_019.mp4
[KitchenRunner] saved video: /home/daffa/Documents/skpsi/FlowPolicy/FlowPolicy/data/outputs/random_search/cfg_01_seed42/inference_ep50/videos/episode_020.mp4
[KitchenRunner] saved video: /home/daffa/Documents/skpsi/FlowPolicy/FlowPolicy/data/outputs/random_search/cfg_01_seed42/inference_ep50/videos/episode_021.mp4
[KitchenRunner] saved video: /home/daffa/Documents/skpsi/FlowPolicy/FlowPolicy/data/outputs/random_search/cfg_01_seed42/inference_ep50/videos/episode_022.mp4
[KitchenRunner] saved video: /home/daffa/Documents/skpsi/FlowPolicy/FlowPolicy/data/outputs/random_search/cfg_01_seed42/inference_ep50/videos/episode_023.mp4
[KitchenRunner] saved video: /home/daffa/Documents/skpsi/FlowPolicy/FlowPolicy/data/outputs/random_search/cfg_01_seed42/inference_ep50/videos/episode_024.mp4
[KitchenRunner] saved video: /home/daffa/Documents/skpsi/FlowPolicy/FlowPolicy/data/outputs/random_search/cfg_01_seed42/inference_ep50/videos/episode_025.mp4
[KitchenRunner] saved video: /home/daffa/Documents/skpsi/FlowPolicy/FlowPolicy/data/outputs/random_search/cfg_01_seed42/inference_ep50/videos/episode_026.mp4
[KitchenRunner] saved video: /home/daffa/Documents/skpsi/FlowPolicy/FlowPolicy/data/outputs/random_search/cfg_01_seed42/inference_ep50/videos/episode_027.mp4
[KitchenRunner] saved video: /home/daffa/Documents/skpsi/FlowPolicy/FlowPolicy/data/outputs/random_search/cfg_01_seed42/inference_ep50/videos/episode_028.mp4
[KitchenRunner] saved video: /home/daffa/Documents/skpsi/FlowPolicy/FlowPolicy/data/outputs/random_search/cfg_01_seed42/inference_ep50/videos/episode_029.mp4
[KitchenRunner] saved video: /home/daffa/Documents/skpsi/FlowPolicy/FlowPolicy/data/outputs/random_search/cfg_01_seed42/inference_ep50/videos/episode_030.mp4
[KitchenRunner] saved video: /home/daffa/Documents/skpsi/FlowPolicy/FlowPolicy/data/outputs/random_search/cfg_01_seed42/inference_ep50/videos/episode_031.mp4
[KitchenRunner] saved video: /home/daffa/Documents/skpsi/FlowPolicy/FlowPolicy/data/outputs/random_search/cfg_01_seed42/inference_ep50/videos/episode_032.mp4
[KitchenRunner] saved video: /home/daffa/Documents/skpsi/FlowPolicy/FlowPolicy/data/outputs/random_search/cfg_01_seed42/inference_ep50/videos/episode_033.mp4
[KitchenRunner] saved video: /home/daffa/Documents/skpsi/FlowPolicy/FlowPolicy/data/outputs/random_search/cfg_01_seed42/inference_ep50/videos/episode_034.mp4
[KitchenRunner] saved video: /home/daffa/Documents/skpsi/FlowPolicy/FlowPolicy/data/outputs/random_search/cfg_01_seed42/inference_ep50/videos/episode_035.mp4
[KitchenRunner] saved video: /home/daffa/Documents/skpsi/FlowPolicy/FlowPolicy/data/outputs/random_search/cfg_01_seed42/inference_ep50/videos/episode_036.mp4
[KitchenRunner] saved video: /home/daffa/Documents/skpsi/FlowPolicy/FlowPolicy/data/outputs/random_search/cfg_01_seed42/inference_ep50/videos/episode_037.mp4
[KitchenRunner] saved video: /home/daffa/Documents/skpsi/FlowPolicy/FlowPolicy/data/outputs/random_search/cfg_01_seed42/inference_ep50/videos/episode_038.mp4
[KitchenRunner] saved video: /home/daffa/Documents/skpsi/FlowPolicy/FlowPolicy/data/outputs/random_search/cfg_01_seed42/inference_ep50/videos/episode_039.mp4
[KitchenRunner] saved video: /home/daffa/Documents/skpsi/FlowPolicy/FlowPolicy/data/outputs/random_search/cfg_01_seed42/inference_ep50/videos/episode_040.mp4
[KitchenRunner] saved video: /home/daffa/Documents/skpsi/FlowPolicy/FlowPolicy/data/outputs/random_search/cfg_01_seed42/inference_ep50/videos/episode_041.mp4
[KitchenRunner] saved video: /home/daffa/Documents/skpsi/FlowPolicy/FlowPolicy/data/outputs/random_search/cfg_01_seed42/inference_ep50/videos/episode_042.mp4
[KitchenRunner] saved video: /home/daffa/Documents/skpsi/FlowPolicy/FlowPolicy/data/outputs/random_search/cfg_01_seed42/inference_ep50/videos/episode_043.mp4
[KitchenRunner] saved video: /home/daffa/Documents/skpsi/FlowPolicy/FlowPolicy/data/outputs/random_search/cfg_01_seed42/inference_ep50/videos/episode_044.mp4
[KitchenRunner] saved video: /home/daffa/Documents/skpsi/FlowPolicy/FlowPolicy/data/outputs/random_search/cfg_01_seed42/inference_ep50/videos/episode_045.mp4
[KitchenRunner] saved video: /home/daffa/Documents/skpsi/FlowPolicy/FlowPolicy/data/outputs/random_search/cfg_01_seed42/inference_ep50/videos/episode_046.mp4
[KitchenRunner] saved video: /home/daffa/Documents/skpsi/FlowPolicy/FlowPolicy/data/outputs/random_search/cfg_01_seed42/inference_ep50/videos/episode_047.mp4
[KitchenRunner] saved video: /home/daffa/Documents/skpsi/FlowPolicy/FlowPolicy/data/outputs/random_search/cfg_01_seed42/inference_ep50/videos/episode_048.mp4
[KitchenRunner] saved video: /home/daffa/Documents/skpsi/FlowPolicy/FlowPolicy/data/outputs/random_search/cfg_01_seed42/inference_ep50/videos/episode_049.mp4
test_mean_score (kitchen success frac): 0.0050
mean completed tasks per ep: 0.02 / 4

========== HASIL INFERENSI ==========
Success rate (rata-rata fraksi task selesai per episode): 0.0050
Mean inference latency (detik per langkah kontrol / per predict_action): 0.006743 s
Mean inference latency: 6.743 ms
Mean completed tasks per episode: 0.02
Metrik tersimpan di: /home/daffa/Documents/skpsi/FlowPolicy/FlowPolicy/data/outputs/random_search/cfg_01_seed42/inference_ep50/metrics.json
Video tersimpan:
  - /home/daffa/Documents/skpsi/FlowPolicy/FlowPolicy/data/outputs/random_search/cfg_01_seed42/inference_ep50/videos/episode_000.mp4
  - /home/daffa/Documents/skpsi/FlowPolicy/FlowPolicy/data/outputs/random_search/cfg_01_seed42/inference_ep50/videos/episode_001.mp4
  - /home/daffa/Documents/skpsi/FlowPolicy/FlowPolicy/data/outputs/random_search/cfg_01_seed42/inference_ep50/videos/episode_002.mp4
  - /home/daffa/Documents/skpsi/FlowPolicy/FlowPolicy/data/outputs/random_search/cfg_01_seed42/inference_ep50/videos/episode_003.mp4
  - /home/daffa/Documents/skpsi/FlowPolicy/FlowPolicy/data/outputs/random_search/cfg_01_seed42/inference_ep50/videos/episode_004.mp4
  - /home/daffa/Documents/skpsi/FlowPolicy/FlowPolicy/data/outputs/random_search/cfg_01_seed42/inference_ep50/videos/episode_005.mp4
  - /home/daffa/Documents/skpsi/FlowPolicy/FlowPolicy/data/outputs/random_search/cfg_01_seed42/inference_ep50/videos/episode_006.mp4
  - /home/daffa/Documents/skpsi/FlowPolicy/FlowPolicy/data/outputs/random_search/cfg_01_seed42/inference_ep50/videos/episode_007.mp4
  - /home/daffa/Documents/skpsi/FlowPolicy/FlowPolicy/data/outputs/random_search/cfg_01_seed42/inference_ep50/videos/episode_008.mp4
  - /home/daffa/Documents/skpsi/FlowPolicy/FlowPolicy/data/outputs/random_search/cfg_01_seed42/inference_ep50/videos/episode_009.mp4
  - /home/daffa/Documents/skpsi/FlowPolicy/FlowPolicy/data/outputs/random_search/cfg_01_seed42/inference_ep50/videos/episode_010.mp4
  - /home/daffa/Documents/skpsi/FlowPolicy/FlowPolicy/data/outputs/random_search/cfg_01_seed42/inference_ep50/videos/episode_011.mp4
  - /home/daffa/Documents/skpsi/FlowPolicy/FlowPolicy/data/outputs/random_search/cfg_01_seed42/inference_ep50/videos/episode_012.mp4
  - /home/daffa/Documents/skpsi/FlowPolicy/FlowPolicy/data/outputs/random_search/cfg_01_seed42/inference_ep50/videos/episode_013.mp4
  - /home/daffa/Documents/skpsi/FlowPolicy/FlowPolicy/data/outputs/random_search/cfg_01_seed42/inference_ep50/videos/episode_014.mp4
  - /home/daffa/Documents/skpsi/FlowPolicy/FlowPolicy/data/outputs/random_search/cfg_01_seed42/inference_ep50/videos/episode_015.mp4
  - /home/daffa/Documents/skpsi/FlowPolicy/FlowPolicy/data/outputs/random_search/cfg_01_seed42/inference_ep50/videos/episode_016.mp4
  - /home/daffa/Documents/skpsi/FlowPolicy/FlowPolicy/data/outputs/random_search/cfg_01_seed42/inference_ep50/videos/episode_017.mp4
  - /home/daffa/Documents/skpsi/FlowPolicy/FlowPolicy/data/outputs/random_search/cfg_01_seed42/inference_ep50/videos/episode_018.mp4
  - /home/daffa/Documents/skpsi/FlowPolicy/FlowPolicy/data/outputs/random_search/cfg_01_seed42/inference_ep50/videos/episode_019.mp4
  - /home/daffa/Documents/skpsi/FlowPolicy/FlowPolicy/data/outputs/random_search/cfg_01_seed42/inference_ep50/videos/episode_020.mp4
  - /home/daffa/Documents/skpsi/FlowPolicy/FlowPolicy/data/outputs/random_search/cfg_01_seed42/inference_ep50/videos/episode_021.mp4
  - /home/daffa/Documents/skpsi/FlowPolicy/FlowPolicy/data/outputs/random_search/cfg_01_seed42/inference_ep50/videos/episode_022.mp4
  - /home/daffa/Documents/skpsi/FlowPolicy/FlowPolicy/data/outputs/random_search/cfg_01_seed42/inference_ep50/videos/episode_023.mp4
  - /home/daffa/Documents/skpsi/FlowPolicy/FlowPolicy/data/outputs/random_search/cfg_01_seed42/inference_ep50/videos/episode_024.mp4
  - /home/daffa/Documents/skpsi/FlowPolicy/FlowPolicy/data/outputs/random_search/cfg_01_seed42/inference_ep50/videos/episode_025.mp4
  - /home/daffa/Documents/skpsi/FlowPolicy/FlowPolicy/data/outputs/random_search/cfg_01_seed42/inference_ep50/videos/episode_026.mp4
  - /home/daffa/Documents/skpsi/FlowPolicy/FlowPolicy/data/outputs/random_search/cfg_01_seed42/inference_ep50/videos/episode_027.mp4
  - /home/daffa/Documents/skpsi/FlowPolicy/FlowPolicy/data/outputs/random_search/cfg_01_seed42/inference_ep50/videos/episode_028.mp4
  - /home/daffa/Documents/skpsi/FlowPolicy/FlowPolicy/data/outputs/random_search/cfg_01_seed42/inference_ep50/videos/episode_029.mp4
  - /home/daffa/Documents/skpsi/FlowPolicy/FlowPolicy/data/outputs/random_search/cfg_01_seed42/inference_ep50/videos/episode_030.mp4
  - /home/daffa/Documents/skpsi/FlowPolicy/FlowPolicy/data/outputs/random_search/cfg_01_seed42/inference_ep50/videos/episode_031.mp4
  - /home/daffa/Documents/skpsi/FlowPolicy/FlowPolicy/data/outputs/random_search/cfg_01_seed42/inference_ep50/videos/episode_032.mp4
  - /home/daffa/Documents/skpsi/FlowPolicy/FlowPolicy/data/outputs/random_search/cfg_01_seed42/inference_ep50/videos/episode_033.mp4
  - /home/daffa/Documents/skpsi/FlowPolicy/FlowPolicy/data/outputs/random_search/cfg_01_seed42/inference_ep50/videos/episode_034.mp4
  - /home/daffa/Documents/skpsi/FlowPolicy/FlowPolicy/data/outputs/random_search/cfg_01_seed42/inference_ep50/videos/episode_035.mp4
  - /home/daffa/Documents/skpsi/FlowPolicy/FlowPolicy/data/outputs/random_search/cfg_01_seed42/inference_ep50/videos/episode_036.mp4
  - /home/daffa/Documents/skpsi/FlowPolicy/FlowPolicy/data/outputs/random_search/cfg_01_seed42/inference_ep50/videos/episode_037.mp4
  - /home/daffa/Documents/skpsi/FlowPolicy/FlowPolicy/data/outputs/random_search/cfg_01_seed42/inference_ep50/videos/episode_038.mp4
  - /home/daffa/Documents/skpsi/FlowPolicy/FlowPolicy/data/outputs/random_search/cfg_01_seed42/inference_ep50/videos/episode_039.mp4
  - /home/daffa/Documents/skpsi/FlowPolicy/FlowPolicy/data/outputs/random_search/cfg_01_seed42/inference_ep50/videos/episode_040.mp4
  - /home/daffa/Documents/skpsi/FlowPolicy/FlowPolicy/data/outputs/random_search/cfg_01_seed42/inference_ep50/videos/episode_041.mp4
  - /home/daffa/Documents/skpsi/FlowPolicy/FlowPolicy/data/outputs/random_search/cfg_01_seed42/inference_ep50/videos/episode_042.mp4
  - /home/daffa/Documents/skpsi/FlowPolicy/FlowPolicy/data/outputs/random_search/cfg_01_seed42/inference_ep50/videos/episode_043.mp4
  - /home/daffa/Documents/skpsi/FlowPolicy/FlowPolicy/data/outputs/random_search/cfg_01_seed42/inference_ep50/videos/episode_044.mp4
  - /home/daffa/Documents/skpsi/FlowPolicy/FlowPolicy/data/outputs/random_search/cfg_01_seed42/inference_ep50/videos/episode_045.mp4
  - /home/daffa/Documents/skpsi/FlowPolicy/FlowPolicy/data/outputs/random_search/cfg_01_seed42/inference_ep50/videos/episode_046.mp4
  - /home/daffa/Documents/skpsi/FlowPolicy/FlowPolicy/data/outputs/random_search/cfg_01_seed42/inference_ep50/videos/episode_047.mp4
  - /home/daffa/Documents/skpsi/FlowPolicy/FlowPolicy/data/outputs/random_search/cfg_01_seed42/inference_ep50/videos/episode_048.mp4
  - /home/daffa/Documents/skpsi/FlowPolicy/FlowPolicy/data/outputs/random_search/cfg_01_seed42/inference_ep50/videos/episode_049.mp4
=====================================

