[ofat] 32 konfigurasi unik x 3 seed = 96 run total (akan dijalankan/di-resume: 6)
[ofat] konfigurasi ditulis ke /home/daffa/Documents/skpsi/FlowPolicy/FlowPolicy/data/outputs/ofat_search/configs.json
[ofat] progress log    : /home/daffa/Documents/skpsi/FlowPolicy/FlowPolicy/data/outputs/ofat_search/progress.log
[ofat] results.csv     : /home/daffa/Documents/skpsi/FlowPolicy/FlowPolicy/data/outputs/ofat_search/results.csv
[ofat] baseline: {'training.num_epochs': 3000, 'optimizer.lr': 0.0001, 'dataloader.batch_size': 128, 'policy.Conditional_ConsistencyFM.num_segments': 2, 'policy.Conditional_ConsistencyFM.eps': 0.01, 'policy.Conditional_ConsistencyFM.delta': 0.01, 'n_action_steps': 4, 'n_obs_steps': 4}
[dry-run] list konfigurasi:
  cfg 00: sweep[training.num_epochs=500] -> {'training.num_epochs': 500, 'optimizer.lr': 0.0001, 'dataloader.batch_size': 128, 'policy.Conditional_ConsistencyFM.num_segments': 2, 'policy.Conditional_ConsistencyFM.eps': 0.01, 'policy.Conditional_ConsistencyFM.delta': 0.01, 'n_action_steps': 4, 'n_obs_steps': 4}
  cfg 01: sweep[training.num_epochs=1000] -> {'training.num_epochs': 1000, 'optimizer.lr': 0.0001, 'dataloader.batch_size': 128, 'policy.Conditional_ConsistencyFM.num_segments': 2, 'policy.Conditional_ConsistencyFM.eps': 0.01, 'policy.Conditional_ConsistencyFM.delta': 0.01, 'n_action_steps': 4, 'n_obs_steps': 4}
[ofat] 32 konfigurasi unik x 3 seed = 96 run total (akan dijalankan/di-resume: 96)
[ofat] konfigurasi ditulis ke /home/daffa/Documents/skpsi/FlowPolicy/FlowPolicy/data/outputs/ofat_search/configs.json
[ofat] progress log    : /home/daffa/Documents/skpsi/FlowPolicy/FlowPolicy/data/outputs/ofat_search/progress.log
[ofat] results.csv     : /home/daffa/Documents/skpsi/FlowPolicy/FlowPolicy/data/outputs/ofat_search/results.csv
[ofat] baseline: {'training.num_epochs': 3000, 'optimizer.lr': 0.0001, 'dataloader.batch_size': 128, 'policy.Conditional_ConsistencyFM.num_segments': 2, 'policy.Conditional_ConsistencyFM.eps': 0.01, 'policy.Conditional_ConsistencyFM.delta': 0.01, 'n_action_steps': 4, 'n_obs_steps': 4}
[dry-run] list konfigurasi:
  cfg 00: sweep[training.num_epochs=500] -> {'training.num_epochs': 500, 'optimizer.lr': 0.0001, 'dataloader.batch_size': 128, 'policy.Conditional_ConsistencyFM.num_segments': 2, 'policy.Conditional_ConsistencyFM.eps': 0.01, 'policy.Conditional_ConsistencyFM.delta': 0.01, 'n_action_steps': 4, 'n_obs_steps': 4}
  cfg 01: sweep[training.num_epochs=1000] -> {'training.num_epochs': 1000, 'optimizer.lr': 0.0001, 'dataloader.batch_size': 128, 'policy.Conditional_ConsistencyFM.num_segments': 2, 'policy.Conditional_ConsistencyFM.eps': 0.01, 'policy.Conditional_ConsistencyFM.delta': 0.01, 'n_action_steps': 4, 'n_obs_steps': 4}
  cfg 02: sweep[training.num_epochs=3000] -> {'training.num_epochs': 3000, 'optimizer.lr': 0.0001, 'dataloader.batch_size': 128, 'policy.Conditional_ConsistencyFM.num_segments': 2, 'policy.Conditional_ConsistencyFM.eps': 0.01, 'policy.Conditional_ConsistencyFM.delta': 0.01, 'n_action_steps': 4, 'n_obs_steps': 4}
  cfg 03: sweep[training.num_epochs=5000] -> {'training.num_epochs': 5000, 'optimizer.lr': 0.0001, 'dataloader.batch_size': 128, 'policy.Conditional_ConsistencyFM.num_segments': 2, 'policy.Conditional_ConsistencyFM.eps': 0.01, 'policy.Conditional_ConsistencyFM.delta': 0.01, 'n_action_steps': 4, 'n_obs_steps': 4}
  cfg 04: sweep[optimizer.lr=0.001] -> {'training.num_epochs': 3000, 'optimizer.lr': 0.001, 'dataloader.batch_size': 128, 'policy.Conditional_ConsistencyFM.num_segments': 2, 'policy.Conditional_ConsistencyFM.eps': 0.01, 'policy.Conditional_ConsistencyFM.delta': 0.01, 'n_action_steps': 4, 'n_obs_steps': 4}
[ofat] 32 konfigurasi unik x 3 seed = 96 run total (akan dijalankan/di-resume: 96)
[ofat] konfigurasi ditulis ke /home/daffa/Documents/skpsi/FlowPolicy/FlowPolicy/data/outputs/ofat_search/configs.json
[ofat] progress log    : /home/daffa/Documents/skpsi/FlowPolicy/FlowPolicy/data/outputs/ofat_search/progress.log
[ofat] results.csv     : /home/daffa/Documents/skpsi/FlowPolicy/FlowPolicy/data/outputs/ofat_search/results.csv
[ofat] baseline: {'training.num_epochs': 3000, 'optimizer.lr': 0.0001, 'dataloader.batch_size': 128, 'policy.Conditional_ConsistencyFM.num_segments': 2, 'policy.Conditional_ConsistencyFM.eps': 0.01, 'policy.Conditional_ConsistencyFM.delta': 0.01, 'n_action_steps': 4, 'n_obs_steps': 4}
[dry-run] list konfigurasi:
  cfg 00: sweep[training.num_epochs=500] -> {'training.num_epochs': 500, 'optimizer.lr': 0.0001, 'dataloader.batch_size': 128, 'policy.Conditional_ConsistencyFM.num_segments': 2, 'policy.Conditional_ConsistencyFM.eps': 0.01, 'policy.Conditional_ConsistencyFM.delta': 0.01, 'n_action_steps': 4, 'n_obs_steps': 4}
  cfg 01: sweep[training.num_epochs=1000] -> {'training.num_epochs': 1000, 'optimizer.lr': 0.0001, 'dataloader.batch_size': 128, 'policy.Conditional_ConsistencyFM.num_segments': 2, 'policy.Conditional_ConsistencyFM.eps': 0.01, 'policy.Conditional_ConsistencyFM.delta': 0.01, 'n_action_steps': 4, 'n_obs_steps': 4}
  cfg 02: sweep[training.num_epochs=3000] -> {'training.num_epochs': 3000, 'optimizer.lr': 0.0001, 'dataloader.batch_size': 128, 'policy.Conditional_ConsistencyFM.num_segments': 2, 'policy.Conditional_ConsistencyFM.eps': 0.01, 'policy.Conditional_ConsistencyFM.delta': 0.01, 'n_action_steps': 4, 'n_obs_steps': 4}
  cfg 03: sweep[training.num_epochs=5000] -> {'training.num_epochs': 5000, 'optimizer.lr': 0.0001, 'dataloader.batch_size': 128, 'policy.Conditional_ConsistencyFM.num_segments': 2, 'policy.Conditional_ConsistencyFM.eps': 0.01, 'policy.Conditional_ConsistencyFM.delta': 0.01, 'n_action_steps': 4, 'n_obs_steps': 4}
[ofat] 32 konfigurasi unik x 1 seed = 32 run total (akan dijalankan/di-resume: 1)
[ofat] konfigurasi ditulis ke /home/daffa/Documents/krispy8/FlowPolicy/FlowPolicy/data/outputs/ofat_search/configs.json
[ofat] progress log    : /home/daffa/Documents/krispy8/FlowPolicy/FlowPolicy/data/outputs/ofat_search/progress.log
[ofat] results.csv     : /home/daffa/Documents/krispy8/FlowPolicy/FlowPolicy/data/outputs/ofat_search/results.csv
[ofat] baseline: {'training.num_epochs': 3000, 'optimizer.lr': 0.0001, 'dataloader.batch_size': 128, 'policy.Conditional_ConsistencyFM.num_segments': 2, 'policy.Conditional_ConsistencyFM.eps': 0.01, 'policy.Conditional_ConsistencyFM.delta': 0.01, 'n_action_steps': 4, 'n_obs_steps': 4}
[ofat] preprocessing sliding-window: OFF (pipeline episode-level)
[dry-run] list konfigurasi:
  cfg 00: sweep[training.num_epochs=500] -> {'training.num_epochs': 500, 'optimizer.lr': 0.0001, 'dataloader.batch_size': 128, 'policy.Conditional_ConsistencyFM.num_segments': 2, 'policy.Conditional_ConsistencyFM.eps': 0.01, 'policy.Conditional_ConsistencyFM.delta': 0.01, 'n_action_steps': 4, 'n_obs_steps': 4}
[ofat] 32 konfigurasi unik x 3 seed = 96 run total (akan dijalankan/di-resume: 96)
[ofat] konfigurasi ditulis ke /home/daffa/Documents/krispy8/FlowPolicy/FlowPolicy/data/outputs/ofat_search/configs.json
[ofat] progress log    : /home/daffa/Documents/krispy8/FlowPolicy/FlowPolicy/data/outputs/ofat_search/progress.log
[ofat] results.csv     : /home/daffa/Documents/krispy8/FlowPolicy/FlowPolicy/data/outputs/ofat_search/results.csv
[ofat] baseline: {'training.num_epochs': 3000, 'optimizer.lr': 0.0001, 'dataloader.batch_size': 128, 'policy.Conditional_ConsistencyFM.num_segments': 2, 'policy.Conditional_ConsistencyFM.eps': 0.01, 'policy.Conditional_ConsistencyFM.delta': 0.01, 'n_action_steps': 4, 'n_obs_steps': 4}
[ofat] preprocessing sliding-window: OFF (pipeline episode-level)

========== [cfg 00 / seed 0] (1/96) sweep[training.num_epochs=500] ==========
  cfg      : {'training.num_epochs': 500, 'optimizer.lr': 0.0001, 'dataloader.batch_size': 128, 'policy.Conditional_ConsistencyFM.num_segments': 2, 'policy.Conditional_ConsistencyFM.eps': 0.01, 'policy.Conditional_ConsistencyFM.delta': 0.01, 'n_action_steps': 4, 'n_obs_steps': 4}
  run_dir  : /home/daffa/Documents/krispy8/FlowPolicy/FlowPolicy/data/outputs/ofat_search/cfg_00_seed0
  [train] /home/daffa/miniforge3/envs/flowp/bin/python train.py --config-name=flowpolicy task=kitchen_complete hydra.run.dir=/home/daffa/Documents/krispy8/FlowPolicy/FlowPolicy/data/outputs/ofat_search/cfg_00_seed0 training.seed=0 training.device=cuda training.debug=False exp_name=ofat_search logging.name=ofat_cfg_00_seed0 logging.mode=offline checkpoint.save_ckpt=True training.num_epochs=500 optimizer.lr=0.0001 dataloader.batch_size=128 val_dataloader.batch_size=128 policy.Conditional_ConsistencyFM.num_segments=2 policy.Conditional_ConsistencyFM.eps=0.01 policy.Conditional_ConsistencyFM.delta=0.01 n_action_steps=4 n_obs_steps=4
[ofat] 32 konfigurasi unik x 3 seed = 96 run total (akan dijalankan/di-resume: 96)
[ofat] konfigurasi ditulis ke /home/daffa/Documents/krispy8/FlowPolicy/FlowPolicy/data/outputs/ofat_search/configs.json
[ofat] progress log    : /home/daffa/Documents/krispy8/FlowPolicy/FlowPolicy/data/outputs/ofat_search/progress.log
[ofat] results.csv     : /home/daffa/Documents/krispy8/FlowPolicy/FlowPolicy/data/outputs/ofat_search/results.csv
[ofat] baseline: {'training.num_epochs': 3000, 'optimizer.lr': 0.0001, 'dataloader.batch_size': 128, 'policy.Conditional_ConsistencyFM.num_segments': 2, 'policy.Conditional_ConsistencyFM.eps': 0.01, 'policy.Conditional_ConsistencyFM.delta': 0.01, 'n_action_steps': 4, 'n_obs_steps': 4}
[ofat] preprocessing sliding-window: OFF (pipeline episode-level)

========== [cfg 00 / seed 0] (1/96) sweep[training.num_epochs=500] ==========
  cfg      : {'training.num_epochs': 500, 'optimizer.lr': 0.0001, 'dataloader.batch_size': 128, 'policy.Conditional_ConsistencyFM.num_segments': 2, 'policy.Conditional_ConsistencyFM.eps': 0.01, 'policy.Conditional_ConsistencyFM.delta': 0.01, 'n_action_steps': 4, 'n_obs_steps': 4}
  run_dir  : /home/daffa/Documents/krispy8/FlowPolicy/FlowPolicy/data/outputs/ofat_search/cfg_00_seed0
  [train] /home/daffa/miniforge3/envs/flowp/bin/python train.py --config-name=flowpolicy task=kitchen_complete hydra.run.dir=/home/daffa/Documents/krispy8/FlowPolicy/FlowPolicy/data/outputs/ofat_search/cfg_00_seed0 training.seed=0 training.device=cuda training.debug=False exp_name=ofat_search logging.name=ofat_cfg_00_seed0 logging.mode=offline checkpoint.save_ckpt=True training.num_epochs=500 optimizer.lr=0.0001 dataloader.batch_size=128 val_dataloader.batch_size=128 policy.Conditional_ConsistencyFM.num_segments=2 policy.Conditional_ConsistencyFM.eps=0.01 policy.Conditional_ConsistencyFM.delta=0.01 n_action_steps=4 n_obs_steps=4
  [infer] /home/daffa/miniforge3/envs/flowp/bin/python infer_kitchen.py --checkpoint /home/daffa/Documents/krispy8/FlowPolicy/FlowPolicy/data/outputs/ofat_search/cfg_00_seed0/checkpoints/latest.ckpt --episodes 50 --device cuda:0 --output-subdir inference_ep50
[PROGRESS   1/96] cfg_00 seed=0   [training.num_epochs=500] SR=0.0000 status=ok t_train= 1852s t_infer=  88s elapsed=00:32:19 eta=51:11:23

========== [cfg 00 / seed 42] (2/96) sweep[training.num_epochs=500] ==========
  cfg      : {'training.num_epochs': 500, 'optimizer.lr': 0.0001, 'dataloader.batch_size': 128, 'policy.Conditional_ConsistencyFM.num_segments': 2, 'policy.Conditional_ConsistencyFM.eps': 0.01, 'policy.Conditional_ConsistencyFM.delta': 0.01, 'n_action_steps': 4, 'n_obs_steps': 4}
  run_dir  : /home/daffa/Documents/krispy8/FlowPolicy/FlowPolicy/data/outputs/ofat_search/cfg_00_seed42
  [train] /home/daffa/miniforge3/envs/flowp/bin/python train.py --config-name=flowpolicy task=kitchen_complete hydra.run.dir=/home/daffa/Documents/krispy8/FlowPolicy/FlowPolicy/data/outputs/ofat_search/cfg_00_seed42 training.seed=42 training.device=cuda training.debug=False exp_name=ofat_search logging.name=ofat_cfg_00_seed42 logging.mode=offline checkpoint.save_ckpt=True training.num_epochs=500 optimizer.lr=0.0001 dataloader.batch_size=128 val_dataloader.batch_size=128 policy.Conditional_ConsistencyFM.num_segments=2 policy.Conditional_ConsistencyFM.eps=0.01 policy.Conditional_ConsistencyFM.delta=0.01 n_action_steps=4 n_obs_steps=4
  [infer] /home/daffa/miniforge3/envs/flowp/bin/python infer_kitchen.py --checkpoint /home/daffa/Documents/krispy8/FlowPolicy/FlowPolicy/data/outputs/ofat_search/cfg_00_seed42/checkpoints/latest.ckpt --episodes 50 --device cuda:0 --output-subdir inference_ep50
[PROGRESS   2/96] cfg_00 seed=42  [training.num_epochs=500] SR=0.0000 status=ok t_train= 1854s t_infer=  86s elapsed=01:04:40 eta=50:39:43

========== [cfg 00 / seed 101] (3/96) sweep[training.num_epochs=500] ==========
  cfg      : {'training.num_epochs': 500, 'optimizer.lr': 0.0001, 'dataloader.batch_size': 128, 'policy.Conditional_ConsistencyFM.num_segments': 2, 'policy.Conditional_ConsistencyFM.eps': 0.01, 'policy.Conditional_ConsistencyFM.delta': 0.01, 'n_action_steps': 4, 'n_obs_steps': 4}
  run_dir  : /home/daffa/Documents/krispy8/FlowPolicy/FlowPolicy/data/outputs/ofat_search/cfg_00_seed101
  [train] /home/daffa/miniforge3/envs/flowp/bin/python train.py --config-name=flowpolicy task=kitchen_complete hydra.run.dir=/home/daffa/Documents/krispy8/FlowPolicy/FlowPolicy/data/outputs/ofat_search/cfg_00_seed101 training.seed=101 training.device=cuda training.debug=False exp_name=ofat_search logging.name=ofat_cfg_00_seed101 logging.mode=offline checkpoint.save_ckpt=True training.num_epochs=500 optimizer.lr=0.0001 dataloader.batch_size=128 val_dataloader.batch_size=128 policy.Conditional_ConsistencyFM.num_segments=2 policy.Conditional_ConsistencyFM.eps=0.01 policy.Conditional_ConsistencyFM.delta=0.01 n_action_steps=4 n_obs_steps=4
  [infer] /home/daffa/miniforge3/envs/flowp/bin/python infer_kitchen.py --checkpoint /home/daffa/Documents/krispy8/FlowPolicy/FlowPolicy/data/outputs/ofat_search/cfg_00_seed101/checkpoints/latest.ckpt --episodes 50 --device cuda:0 --output-subdir inference_ep50
[PROGRESS   3/96] cfg_00 seed=101 [training.num_epochs=500] SR=0.2350 status=ok t_train= 1857s t_infer=  86s elapsed=01:37:02 eta=50:08:27

========== [cfg 01 / seed 0] (4/96) sweep[training.num_epochs=1000] ==========
  cfg      : {'training.num_epochs': 1000, 'optimizer.lr': 0.0001, 'dataloader.batch_size': 128, 'policy.Conditional_ConsistencyFM.num_segments': 2, 'policy.Conditional_ConsistencyFM.eps': 0.01, 'policy.Conditional_ConsistencyFM.delta': 0.01, 'n_action_steps': 4, 'n_obs_steps': 4}
  run_dir  : /home/daffa/Documents/krispy8/FlowPolicy/FlowPolicy/data/outputs/ofat_search/cfg_01_seed0
  [train] /home/daffa/miniforge3/envs/flowp/bin/python train.py --config-name=flowpolicy task=kitchen_complete hydra.run.dir=/home/daffa/Documents/krispy8/FlowPolicy/FlowPolicy/data/outputs/ofat_search/cfg_01_seed0 training.seed=0 training.device=cuda training.debug=False exp_name=ofat_search logging.name=ofat_cfg_01_seed0 logging.mode=offline checkpoint.save_ckpt=True training.num_epochs=1000 optimizer.lr=0.0001 dataloader.batch_size=128 val_dataloader.batch_size=128 policy.Conditional_ConsistencyFM.num_segments=2 policy.Conditional_ConsistencyFM.eps=0.01 policy.Conditional_ConsistencyFM.delta=0.01 n_action_steps=4 n_obs_steps=4
  [infer] /home/daffa/miniforge3/envs/flowp/bin/python infer_kitchen.py --checkpoint /home/daffa/Documents/krispy8/FlowPolicy/FlowPolicy/data/outputs/ofat_search/cfg_01_seed0/checkpoints/latest.ckpt --episodes 50 --device cuda:0 --output-subdir inference_ep50
[PROGRESS   4/96] cfg_01 seed=0   [training.num_epochs=1000] SR=0.0750 status=ok t_train= 3688s t_infer=  87s elapsed=02:39:57 eta=61:18:56

========== [cfg 01 / seed 42] (5/96) sweep[training.num_epochs=1000] ==========
  cfg      : {'training.num_epochs': 1000, 'optimizer.lr': 0.0001, 'dataloader.batch_size': 128, 'policy.Conditional_ConsistencyFM.num_segments': 2, 'policy.Conditional_ConsistencyFM.eps': 0.01, 'policy.Conditional_ConsistencyFM.delta': 0.01, 'n_action_steps': 4, 'n_obs_steps': 4}
  run_dir  : /home/daffa/Documents/krispy8/FlowPolicy/FlowPolicy/data/outputs/ofat_search/cfg_01_seed42
  [train] /home/daffa/miniforge3/envs/flowp/bin/python train.py --config-name=flowpolicy task=kitchen_complete hydra.run.dir=/home/daffa/Documents/krispy8/FlowPolicy/FlowPolicy/data/outputs/ofat_search/cfg_01_seed42 training.seed=42 training.device=cuda training.debug=False exp_name=ofat_search logging.name=ofat_cfg_01_seed42 logging.mode=offline checkpoint.save_ckpt=True training.num_epochs=1000 optimizer.lr=0.0001 dataloader.batch_size=128 val_dataloader.batch_size=128 policy.Conditional_ConsistencyFM.num_segments=2 policy.Conditional_ConsistencyFM.eps=0.01 policy.Conditional_ConsistencyFM.delta=0.01 n_action_steps=4 n_obs_steps=4
  [infer] /home/daffa/miniforge3/envs/flowp/bin/python infer_kitchen.py --checkpoint /home/daffa/Documents/krispy8/FlowPolicy/FlowPolicy/data/outputs/ofat_search/cfg_01_seed42/checkpoints/latest.ckpt --episodes 50 --device cuda:0 --output-subdir inference_ep50
[PROGRESS   5/96] cfg_01 seed=42  [training.num_epochs=1000] SR=0.0000 status=ok t_train= 3686s t_infer=  87s elapsed=03:42:49 eta=67:35:30

========== [cfg 01 / seed 101] (6/96) sweep[training.num_epochs=1000] ==========
  cfg      : {'training.num_epochs': 1000, 'optimizer.lr': 0.0001, 'dataloader.batch_size': 128, 'policy.Conditional_ConsistencyFM.num_segments': 2, 'policy.Conditional_ConsistencyFM.eps': 0.01, 'policy.Conditional_ConsistencyFM.delta': 0.01, 'n_action_steps': 4, 'n_obs_steps': 4}
  run_dir  : /home/daffa/Documents/krispy8/FlowPolicy/FlowPolicy/data/outputs/ofat_search/cfg_01_seed101
  [train] /home/daffa/miniforge3/envs/flowp/bin/python train.py --config-name=flowpolicy task=kitchen_complete hydra.run.dir=/home/daffa/Documents/krispy8/FlowPolicy/FlowPolicy/data/outputs/ofat_search/cfg_01_seed101 training.seed=101 training.device=cuda training.debug=False exp_name=ofat_search logging.name=ofat_cfg_01_seed101 logging.mode=offline checkpoint.save_ckpt=True training.num_epochs=1000 optimizer.lr=0.0001 dataloader.batch_size=128 val_dataloader.batch_size=128 policy.Conditional_ConsistencyFM.num_segments=2 policy.Conditional_ConsistencyFM.eps=0.01 policy.Conditional_ConsistencyFM.delta=0.01 n_action_steps=4 n_obs_steps=4
  [infer] /home/daffa/miniforge3/envs/flowp/bin/python infer_kitchen.py --checkpoint /home/daffa/Documents/krispy8/FlowPolicy/FlowPolicy/data/outputs/ofat_search/cfg_01_seed101/checkpoints/latest.ckpt --episodes 50 --device cuda:0 --output-subdir inference_ep50
[PROGRESS   6/96] cfg_01 seed=101 [training.num_epochs=1000] SR=0.0000 status=ok t_train= 3693s t_infer=  86s elapsed=04:45:48 eta=71:27:13

========== [cfg 02 / seed 0] (7/96) sweep[training.num_epochs=3000] ==========
  cfg      : {'training.num_epochs': 3000, 'optimizer.lr': 0.0001, 'dataloader.batch_size': 128, 'policy.Conditional_ConsistencyFM.num_segments': 2, 'policy.Conditional_ConsistencyFM.eps': 0.01, 'policy.Conditional_ConsistencyFM.delta': 0.01, 'n_action_steps': 4, 'n_obs_steps': 4}
  run_dir  : /home/daffa/Documents/krispy8/FlowPolicy/FlowPolicy/data/outputs/ofat_search/cfg_02_seed0
  [train] /home/daffa/miniforge3/envs/flowp/bin/python train.py --config-name=flowpolicy task=kitchen_complete hydra.run.dir=/home/daffa/Documents/krispy8/FlowPolicy/FlowPolicy/data/outputs/ofat_search/cfg_02_seed0 training.seed=0 training.device=cuda training.debug=False exp_name=ofat_search logging.name=ofat_cfg_02_seed0 logging.mode=offline checkpoint.save_ckpt=True training.num_epochs=3000 optimizer.lr=0.0001 dataloader.batch_size=128 val_dataloader.batch_size=128 policy.Conditional_ConsistencyFM.num_segments=2 policy.Conditional_ConsistencyFM.eps=0.01 policy.Conditional_ConsistencyFM.delta=0.01 n_action_steps=4 n_obs_steps=4
  [infer] /home/daffa/miniforge3/envs/flowp/bin/python infer_kitchen.py --checkpoint /home/daffa/Documents/krispy8/FlowPolicy/FlowPolicy/data/outputs/ofat_search/cfg_02_seed0/checkpoints/latest.ckpt --episodes 50 --device cuda:0 --output-subdir inference_ep50
[PROGRESS   7/96] cfg_02 seed=0   [training.num_epochs=3000] SR=0.3800 status=ok t_train=11100s t_infer=  86s elapsed=07:52:14 eta=100:04:14

========== [cfg 02 / seed 42] (8/96) sweep[training.num_epochs=3000] ==========
  cfg      : {'training.num_epochs': 3000, 'optimizer.lr': 0.0001, 'dataloader.batch_size': 128, 'policy.Conditional_ConsistencyFM.num_segments': 2, 'policy.Conditional_ConsistencyFM.eps': 0.01, 'policy.Conditional_ConsistencyFM.delta': 0.01, 'n_action_steps': 4, 'n_obs_steps': 4}
  run_dir  : /home/daffa/Documents/krispy8/FlowPolicy/FlowPolicy/data/outputs/ofat_search/cfg_02_seed42
  [train] /home/daffa/miniforge3/envs/flowp/bin/python train.py --config-name=flowpolicy task=kitchen_complete hydra.run.dir=/home/daffa/Documents/krispy8/FlowPolicy/FlowPolicy/data/outputs/ofat_search/cfg_02_seed42 training.seed=42 training.device=cuda training.debug=False exp_name=ofat_search logging.name=ofat_cfg_02_seed42 logging.mode=offline checkpoint.save_ckpt=True training.num_epochs=3000 optimizer.lr=0.0001 dataloader.batch_size=128 val_dataloader.batch_size=128 policy.Conditional_ConsistencyFM.num_segments=2 policy.Conditional_ConsistencyFM.eps=0.01 policy.Conditional_ConsistencyFM.delta=0.01 n_action_steps=4 n_obs_steps=4
  [infer] /home/daffa/miniforge3/envs/flowp/bin/python infer_kitchen.py --checkpoint /home/daffa/Documents/krispy8/FlowPolicy/FlowPolicy/data/outputs/ofat_search/cfg_02_seed42/checkpoints/latest.ckpt --episodes 50 --device cuda:0 --output-subdir inference_ep50
[PROGRESS   8/96] cfg_02 seed=42  [training.num_epochs=3000] SR=0.0500 status=ok t_train=11126s t_infer=  89s elapsed=10:59:09 eta=120:50:45

========== [cfg 02 / seed 101] (9/96) sweep[training.num_epochs=3000] ==========
  cfg      : {'training.num_epochs': 3000, 'optimizer.lr': 0.0001, 'dataloader.batch_size': 128, 'policy.Conditional_ConsistencyFM.num_segments': 2, 'policy.Conditional_ConsistencyFM.eps': 0.01, 'policy.Conditional_ConsistencyFM.delta': 0.01, 'n_action_steps': 4, 'n_obs_steps': 4}
  run_dir  : /home/daffa/Documents/krispy8/FlowPolicy/FlowPolicy/data/outputs/ofat_search/cfg_02_seed101
  [train] /home/daffa/miniforge3/envs/flowp/bin/python train.py --config-name=flowpolicy task=kitchen_complete hydra.run.dir=/home/daffa/Documents/krispy8/FlowPolicy/FlowPolicy/data/outputs/ofat_search/cfg_02_seed101 training.seed=101 training.device=cuda training.debug=False exp_name=ofat_search logging.name=ofat_cfg_02_seed101 logging.mode=offline checkpoint.save_ckpt=True training.num_epochs=3000 optimizer.lr=0.0001 dataloader.batch_size=128 val_dataloader.batch_size=128 policy.Conditional_ConsistencyFM.num_segments=2 policy.Conditional_ConsistencyFM.eps=0.01 policy.Conditional_ConsistencyFM.delta=0.01 n_action_steps=4 n_obs_steps=4
