[grid] subset preset   : smoke
[grid] subset HP (4): {'optimizer.lr': 2, 'policy.down_dims': 2, 'policy.kernel_size': 2, 'policy.use_mid_condition': 2}
[grid] total konfig    : 16
[grid] seeds           : [0, 42, 101]
[grid] total run       : 48 (planned: 48)
[grid] out-root        : /home/daffa/Documents/krispy8/FlowPolicy/FlowPolicy/data/outputs/gridsearch
[grid] configs.json    : /home/daffa/Documents/krispy8/FlowPolicy/FlowPolicy/data/outputs/gridsearch/configs.json
[grid] results.csv     : /home/daffa/Documents/krispy8/FlowPolicy/FlowPolicy/data/outputs/gridsearch/results.csv
[grid] preprocessing   : OFF (pipeline episode-level)
[dry-run] list konfigurasi (subset values saja):
  cfg 0000: {'optimizer.lr': 0.001, 'policy.down_dims': [128, 256, 512], 'policy.kernel_size': 3, 'policy.use_mid_condition': True}
  cfg 0001: {'optimizer.lr': 0.001, 'policy.down_dims': [128, 256, 512], 'policy.kernel_size': 3, 'policy.use_mid_condition': False}
  cfg 0002: {'optimizer.lr': 0.001, 'policy.down_dims': [128, 256, 512], 'policy.kernel_size': 5, 'policy.use_mid_condition': True}
  cfg 0003: {'optimizer.lr': 0.001, 'policy.down_dims': [128, 256, 512], 'policy.kernel_size': 5, 'policy.use_mid_condition': False}
  cfg 0004: {'optimizer.lr': 0.001, 'policy.down_dims': [256, 512, 1024], 'policy.kernel_size': 3, 'policy.use_mid_condition': True}
  cfg 0005: {'optimizer.lr': 0.001, 'policy.down_dims': [256, 512, 1024], 'policy.kernel_size': 3, 'policy.use_mid_condition': False}
  cfg 0006: {'optimizer.lr': 0.001, 'policy.down_dims': [256, 512, 1024], 'policy.kernel_size': 5, 'policy.use_mid_condition': True}
  cfg 0007: {'optimizer.lr': 0.001, 'policy.down_dims': [256, 512, 1024], 'policy.kernel_size': 5, 'policy.use_mid_condition': False}
  cfg 0008: {'optimizer.lr': 0.0001, 'policy.down_dims': [128, 256, 512], 'policy.kernel_size': 3, 'policy.use_mid_condition': True}
  cfg 0009: {'optimizer.lr': 0.0001, 'policy.down_dims': [128, 256, 512], 'policy.kernel_size': 3, 'policy.use_mid_condition': False}
  cfg 0010: {'optimizer.lr': 0.0001, 'policy.down_dims': [128, 256, 512], 'policy.kernel_size': 5, 'policy.use_mid_condition': True}
  cfg 0011: {'optimizer.lr': 0.0001, 'policy.down_dims': [128, 256, 512], 'policy.kernel_size': 5, 'policy.use_mid_condition': False}
  cfg 0012: {'optimizer.lr': 0.0001, 'policy.down_dims': [256, 512, 1024], 'policy.kernel_size': 3, 'policy.use_mid_condition': True}
  cfg 0013: {'optimizer.lr': 0.0001, 'policy.down_dims': [256, 512, 1024], 'policy.kernel_size': 3, 'policy.use_mid_condition': False}
  cfg 0014: {'optimizer.lr': 0.0001, 'policy.down_dims': [256, 512, 1024], 'policy.kernel_size': 5, 'policy.use_mid_condition': True}
  cfg 0015: {'optimizer.lr': 0.0001, 'policy.down_dims': [256, 512, 1024], 'policy.kernel_size': 5, 'policy.use_mid_condition': False}
[grid] subset preset   : default
[grid] subset HP (7): {'optimizer.lr': 3, 'dataloader.batch_size': 3, 'policy.Conditional_ConsistencyFM.num_segments': 2, 'policy.down_dims': 3, 'policy.diffusion_step_embed_dim': 2, 'policy.kernel_size': 2, 'policy.use_mid_condition': 2}
[grid] total konfig    : 432
[grid] seeds           : [0, 42, 101]
[grid] total run       : 1296 (planned: 1296)
[grid] out-root        : /home/daffa/Documents/krispy8/FlowPolicy/FlowPolicy/data/outputs/gridsearch
[grid] configs.json    : /home/daffa/Documents/krispy8/FlowPolicy/FlowPolicy/data/outputs/gridsearch/configs.json
[grid] results.csv     : /home/daffa/Documents/krispy8/FlowPolicy/FlowPolicy/data/outputs/gridsearch/results.csv
[grid] preprocessing   : OFF (pipeline episode-level)

========== [1/1296] cfg 0000 seed 0 ==========
  subset   : {'optimizer.lr': 0.001, 'dataloader.batch_size': 64, 'policy.Conditional_ConsistencyFM.num_segments': 2, 'policy.down_dims': [128, 256, 512], 'policy.diffusion_step_embed_dim': 128, 'policy.kernel_size': 3, 'policy.use_mid_condition': True}
  run_dir  : /home/daffa/Documents/krispy8/FlowPolicy/FlowPolicy/data/outputs/gridsearch/cfg_0000_seed0
  [train] /home/daffa/miniforge3/envs/flowp/bin/python train.py --config-name=flowpolicy task=kitchen_complete hydra.run.dir=/home/daffa/Documents/krispy8/FlowPolicy/FlowPolicy/data/outputs/gridsearch/cfg_0000_seed0 training.seed=0 training.device=cuda training.debug=False exp_name=gridsearch logging.name=grid_cfg_0000_seed0 logging.mode=offline checkpoint.save_ckpt=True training.resume=False training.num_epochs=3000 optimizer.lr=0.001 dataloader.batch_size=64 val_dataloader.batch_size=64 policy.Conditional_ConsistencyFM.num_segments=2 policy.Conditional_ConsistencyFM.eps=0.01 policy.Conditional_ConsistencyFM.delta=0.01 n_action_steps=4 n_obs_steps=4 policy.down_dims=[128,256,512] policy.diffusion_step_embed_dim=128 policy.kernel_size=3 policy.n_groups=8 policy.encoder_output_dim=64 policy.state_mlp_size=[256,256] policy.action_clip=1 policy.encoder_use_layernorm=true policy.use_down_condition=true policy.use_mid_condition=true policy.use_up_condition=true
