# cmd: /home/daffa/miniforge3/envs/flowp/bin/python train.py --config-name=flowpolicy task=kitchen_complete hydra.run.dir=/home/daffa/Documents/krispy8/FlowPolicy/FlowPolicy/data/outputs/ofat_search_preprocess/cfg_00_seed0 training.seed=0 training.device=cuda training.debug=False exp_name=ofat_search logging.name=ofat_cfg_00_seed0 logging.mode=offline checkpoint.save_ckpt=True training.num_epochs=500 optimizer.lr=0.0001 dataloader.batch_size=128 val_dataloader.batch_size=128 policy.Conditional_ConsistencyFM.num_segments=2 policy.Conditional_ConsistencyFM.eps=0.01 policy.Conditional_ConsistencyFM.delta=0.01 n_action_steps=4 n_obs_steps=4 task.dataset.preprocess.enabled=true
[LowdimEncoder] state_dim=70 out_channel=64 hidden_dims=(256, 256)
[2026-04-23 13:29:58,445][flow_policy_3d.model.flow.conditional_unet1d][INFO] - number of parameters: 6.719451e+07
----------------------------------
Class name: FlowPolicyLowdim
  Number of parameters: 67.2959M
   _dummy_variable: 0.0000M (0.00%)
   obs_encoder: 0.1014M (0.15%)
   model: 67.1945M (99.85%)
   mask_generator: 0.0000M (0.00%)
----------------------------------
[KitchenDataset] loading minari dataset 'D4RL/kitchen/complete-v2'
[KitchenDataset] loaded 19 episodes, 4209 total steps
[KitchenDataset] goal keys order: ['microwave', 'kettle', 'light switch', 'slide cabinet']
[KitchenDataset] order filter: tasks_to_complete=['microwave', 'kettle', 'light switch', 'slide cabinet'], skipped=0 episode(s) not matching order
[KitchenDataset] sliding-window preprocessing: window_ratio=0.25 stride=1 windows=3174 train/val/test=2222/635/317
[KitchenDataset] agent_pos_dim=70 action_dim=9 robot_obs_dim(for noise)=59
[2026-04-23 13:29:59,551][OpenGL.acceleratesupport][INFO] - No OpenGL_accelerate module loaded: No module named 'OpenGL_accelerate'
-----------------------------
[WandB] group: ofat_search
[WandB] name: ofat_cfg_00_seed0
-----------------------------
wandb: WARNING `resume` will be ignored since W&B syncing is set to `offline`. Starting a new run with run id bqcyix9o.
wandb: Tracking run with wandb version 0.26.0
wandb: W&B syncing is set to `offline` in this directory. Run `wandb online` or set WANDB_MODE=online to enable cloud syncing.
wandb: Run data is saved locally in /home/daffa/Documents/krispy8/FlowPolicy/FlowPolicy/data/outputs/ofat_search_preprocess/cfg_00_seed0/wandb/offline-run-20260423_132959-bqcyix9o
Training epoch 0:   0%|          | 0/948 [00:00<?, ?it/s]Training epoch 0:   1%|          | 6/948 [00:01<02:38,  5.95it/s, loss=0.000179]                                                                                Traceback (most recent call last):
  File "/home/daffa/Documents/krispy8/FlowPolicy/FlowPolicy/train.py", line 699, in <module>
    main()
  File "/home/daffa/miniforge3/envs/flowp/lib/python3.12/site-packages/hydra/main.py", line 94, in decorated_main
    _run_hydra(
  File "/home/daffa/miniforge3/envs/flowp/lib/python3.12/site-packages/hydra/_internal/utils.py", line 394, in _run_hydra
    _run_app(
  File "/home/daffa/miniforge3/envs/flowp/lib/python3.12/site-packages/hydra/_internal/utils.py", line 457, in _run_app
    run_and_report(
  File "/home/daffa/miniforge3/envs/flowp/lib/python3.12/site-packages/hydra/_internal/utils.py", line 220, in run_and_report
    return func()
           ^^^^^^
  File "/home/daffa/miniforge3/envs/flowp/lib/python3.12/site-packages/hydra/_internal/utils.py", line 458, in <lambda>
    lambda: hydra.run(
            ^^^^^^^^^^
  File "/home/daffa/miniforge3/envs/flowp/lib/python3.12/site-packages/hydra/_internal/hydra.py", line 119, in run
    ret = run_job(
          ^^^^^^^^
  File "/home/daffa/miniforge3/envs/flowp/lib/python3.12/site-packages/hydra/core/utils.py", line 186, in run_job
    ret.return_value = task_function(task_cfg)
                       ^^^^^^^^^^^^^^^^^^^^^^^
  File "/home/daffa/Documents/krispy8/FlowPolicy/FlowPolicy/train.py", line 696, in main
    workspace.run()
  File "/home/daffa/Documents/krispy8/FlowPolicy/FlowPolicy/train.py", line 389, in run
    loss.backward()
  File "/home/daffa/miniforge3/envs/flowp/lib/python3.12/site-packages/torch/_tensor.py", line 626, in backward
    torch.autograd.backward(
  File "/home/daffa/miniforge3/envs/flowp/lib/python3.12/site-packages/torch/autograd/__init__.py", line 347, in backward
    _engine_run_backward(
  File "/home/daffa/miniforge3/envs/flowp/lib/python3.12/site-packages/torch/autograd/graph.py", line 823, in _engine_run_backward
    return Variable._execution_engine.run_backward(  # Calls into the C++ engine to run the backward pass
           ^^^^^^^^^^^^^^^^^^^^^^^^^^^^^^^^^^^^^^^^^^^^^^^^^^^^^^^^^^^^^^^^^^^^^^^^^^^^^^^^^^^^^^^^^^^^^^
KeyboardInterrupt
[1;34mwandb[0m: 
[1;34mwandb[0m: You can sync this run to the cloud by running:
[1;34mwandb[0m: [1mwandb sync /home/daffa/Documents/krispy8/FlowPolicy/FlowPolicy/data/outputs/ofat_search_preprocess/cfg_00_seed0/wandb/offline-run-20260423_132959-bqcyix9o[0m
[1;34mwandb[0m: Find logs at: [1;35mFlowPolicy/FlowPolicy/data/outputs/ofat_search_preprocess/cfg_00_seed0/wandb/offline-run-20260423_132959-bqcyix9o/logs[0m
