# cmd: /home/daffa/miniforge3/envs/flowp/bin/python train.py --config-name=flowpolicy task=kitchen_complete hydra.run.dir=/home/daffa/Documents/krispy8/FlowPolicy/FlowPolicy/data/outputs/random_search/cfg_00_seed1 training.seed=1 training.device=cuda training.debug=False exp_name=random_search logging.name=random_search_cfg_00_seed1 logging.mode=offline checkpoint.save_ckpt=True training.num_epochs=500 optimizer.lr=1e-05 dataloader.batch_size=256 val_dataloader.batch_size=256 training.lr_warmup_steps=500 training.ema_decay=0.95 policy.obs_encoder.output_dim=64 policy.Conditional_ConsistencyFM.num_segments=1 policy.Conditional_ConsistencyFM.boundary=0.5 policy.Conditional_ConsistencyFM.delta=1 policy.Conditional_ConsistencyFM.alpha=1e-06 policy.Conditional_ConsistencyFM.eps=0.0001 n_action_steps=2 n_obs_steps=6 policy.Conditional_ConsistencyFM.sampling_eps=0.001 policy.Conditional_ConsistencyFM.noise_scale=0 policy.Conditional_ConsistencyFM.sigma_var=0.05 policy.Conditional_ConsistencyFM.num_inference_steps=5
Traceback (most recent call last):
  File "/home/daffa/miniforge3/envs/flowp/lib/python3.12/site-packages/hydra/_internal/config_loader_impl.py", line 390, in _apply_overrides_to_config
    OmegaConf.update(cfg, key, value, merge=True)
  File "/home/daffa/miniforge3/envs/flowp/lib/python3.12/site-packages/omegaconf/omegaconf.py", line 716, in update
    root[key_] = {}
    ~~~~^^^^^^
  File "/home/daffa/miniforge3/envs/flowp/lib/python3.12/site-packages/omegaconf/dictconfig.py", line 310, in __setitem__
    self._format_and_raise(
  File "/home/daffa/miniforge3/envs/flowp/lib/python3.12/site-packages/omegaconf/base.py", line 231, in _format_and_raise
    format_and_raise(
  File "/home/daffa/miniforge3/envs/flowp/lib/python3.12/site-packages/omegaconf/_utils.py", line 819, in format_and_raise
    _raise(ex, cause)
  File "/home/daffa/miniforge3/envs/flowp/lib/python3.12/site-packages/omegaconf/_utils.py", line 797, in _raise
    raise ex.with_traceback(sys.exc_info()[2])  # set env var OC_CAUSE=1 for full trace
    ^^^^^^^^^^^^^^^^^^^^^^^^^^^^^^^^^^^^^^^^^^
  File "/home/daffa/miniforge3/envs/flowp/lib/python3.12/site-packages/omegaconf/dictconfig.py", line 308, in __setitem__
    self.__set_impl(key=key, value=value)
  File "/home/daffa/miniforge3/envs/flowp/lib/python3.12/site-packages/omegaconf/dictconfig.py", line 318, in __set_impl
    self._set_item_impl(key, value)
  File "/home/daffa/miniforge3/envs/flowp/lib/python3.12/site-packages/omegaconf/basecontainer.py", line 549, in _set_item_impl
    self._validate_set(key, value)
  File "/home/daffa/miniforge3/envs/flowp/lib/python3.12/site-packages/omegaconf/dictconfig.py", line 180, in _validate_set
    target = self._get_node(key) if key is not None else self
             ^^^^^^^^^^^^^^^^^^^
  File "/home/daffa/miniforge3/envs/flowp/lib/python3.12/site-packages/omegaconf/dictconfig.py", line 475, in _get_node
    self._validate_get(key)
  File "/home/daffa/miniforge3/envs/flowp/lib/python3.12/site-packages/omegaconf/dictconfig.py", line 164, in _validate_get
    self._format_and_raise(
  File "/home/daffa/miniforge3/envs/flowp/lib/python3.12/site-packages/omegaconf/base.py", line 231, in _format_and_raise
    format_and_raise(
  File "/home/daffa/miniforge3/envs/flowp/lib/python3.12/site-packages/omegaconf/_utils.py", line 899, in format_and_raise
    _raise(ex, cause)
  File "/home/daffa/miniforge3/envs/flowp/lib/python3.12/site-packages/omegaconf/_utils.py", line 797, in _raise
    raise ex.with_traceback(sys.exc_info()[2])  # set env var OC_CAUSE=1 for full trace
    ^^^^^^^^^^^^^^^^^^^^^^^^^^^^^^^^^^^^^^^^^^
omegaconf.errors.ConfigKeyError: Key 'obs_encoder' is not in struct
    full_key: policy.obs_encoder
    object_type=dict

The above exception was the direct cause of the following exception:

Traceback (most recent call last):
  File "/home/daffa/Documents/krispy8/FlowPolicy/FlowPolicy/train.py", line 793, in <module>
    main()
  File "/home/daffa/miniforge3/envs/flowp/lib/python3.12/site-packages/hydra/main.py", line 94, in decorated_main
    _run_hydra(
  File "/home/daffa/miniforge3/envs/flowp/lib/python3.12/site-packages/hydra/_internal/utils.py", line 394, in _run_hydra
    _run_app(
  File "/home/daffa/miniforge3/envs/flowp/lib/python3.12/site-packages/hydra/_internal/utils.py", line 457, in _run_app
    run_and_report(
  File "/home/daffa/miniforge3/envs/flowp/lib/python3.12/site-packages/hydra/_internal/utils.py", line 223, in run_and_report
    raise ex
  File "/home/daffa/miniforge3/envs/flowp/lib/python3.12/site-packages/hydra/_internal/utils.py", line 220, in run_and_report
    return func()
           ^^^^^^
  File "/home/daffa/miniforge3/envs/flowp/lib/python3.12/site-packages/hydra/_internal/utils.py", line 458, in <lambda>
    lambda: hydra.run(
            ^^^^^^^^^^
  File "/home/daffa/miniforge3/envs/flowp/lib/python3.12/site-packages/hydra/_internal/hydra.py", line 105, in run
    cfg = self.compose_config(
          ^^^^^^^^^^^^^^^^^^^^
  File "/home/daffa/miniforge3/envs/flowp/lib/python3.12/site-packages/hydra/_internal/hydra.py", line 594, in compose_config
    cfg = self.config_loader.load_configuration(
          ^^^^^^^^^^^^^^^^^^^^^^^^^^^^^^^^^^^^^^
  File "/home/daffa/miniforge3/envs/flowp/lib/python3.12/site-packages/hydra/_internal/config_loader_impl.py", line 142, in load_configuration
    return self._load_configuration_impl(
           ^^^^^^^^^^^^^^^^^^^^^^^^^^^^^^
  File "/home/daffa/miniforge3/envs/flowp/lib/python3.12/site-packages/hydra/_internal/config_loader_impl.py", line 276, in _load_configuration_impl
    ConfigLoaderImpl._apply_overrides_to_config(config_overrides, cfg)
  File "/home/daffa/miniforge3/envs/flowp/lib/python3.12/site-packages/hydra/_internal/config_loader_impl.py", line 392, in _apply_overrides_to_config
    raise ConfigCompositionException(
hydra.errors.ConfigCompositionException: Could not override 'policy.obs_encoder.output_dim'.
To append to your config use +policy.obs_encoder.output_dim=64
